d:\share\mygamelogic\proj.win32\debug.win32\u2view.obj
d:\share\mygamelogic\proj.win32\debug.win32\u2start.obj
d:\share\mygamelogic\proj.win32\debug.win32\applicationfacade.obj
d:\share\mygamelogic\proj.win32\debug.win32\applicationprerequisites.obj
d:\share\mygamelogic\proj.win32\debug.win32\appdelegate.obj
d:\share\mygamelogic\proj.win32\debug.win32\u2facade.obj
d:\share\mygamelogic\proj.win32\debug.win32\u2controller.obj
d:\share\mygamelogic\proj.win32\debug.win32\u2prerequisites.obj
d:\share\mygamelogic\proj.win32\debug.win32\applicationmediator.obj
d:\share\mygamelogic\proj.win32\debug.win32\u2simpleobjectmanager.obj
d:\share\mygamelogic\proj.win32\debug.win32\u2typedobjectmanager.obj
d:\share\mygamelogic\proj.win32\debug.win32\logofacade.obj
d:\share\mygamelogic\proj.win32\debug.win32\tabinfoprerequisites.obj
d:\share\mygamelogic\proj.win32\debug.win32\applicationcommands.obj
d:\share\mygamelogic\proj.win32\debug.win32\u2notifier.obj
d:\share\mygamelogic\proj.win32\debug.win32\tabinfocommands.obj
d:\share\mygamelogic\proj.win32\debug.win32\logoprerequisites.obj
d:\share\mygamelogic\proj.win32\debug.win32\tabinfofacade.obj
d:\share\mygamelogic\proj.win32\debug.win32\u2model.obj
d:\share\mygamelogic\proj.win32\debug.win32\u2observer.obj
d:\share\mygamelogic\proj.win32\debug.win32\u2object.obj
d:\share\mygamelogic\proj.win32\debug.win32\u2namegenerator.obj
d:\share\mygamelogic\proj.win32\debug.win32\vc120.pdb
d:\share\mygamelogic\proj.win32\debug.win32\applicationmediators.obj
d:\share\mygamelogic\proj.win32\debug.win32\tabinfoviewcomponent.obj
d:\share\mygamelogic\proj.win32\debug.win32\u2simplecommand.obj
d:\share\mygamelogic\proj.win32\debug.win32\u2scenetrans.obj
d:\share\mygamelogic\proj.win32\debug.win32\u2cocosviewcomponent.obj
d:\share\mygamelogic\proj.win32\debug.win32\u2viewcomponent.obj
d:\share\mygamelogic\proj.win32\debug.win32\u2mediator.obj
d:\share\mygamelogic\proj.win32\debug.win32\u2command.obj
d:\share\mygamelogic\proj.win32\debug.win32\applicationviewcomponents.obj
d:\share\mygamelogic\proj.win32\debug.win32\u2poolingobjectmanager.obj
d:\share\mygamelogic\proj.win32\debug.win32\u2factorymanager.obj
d:\share\mygamelogic\proj.win32\debug.win32\root.obj
d:\share\mygamelogic\proj.win32\debug.win32\u2notification.obj
d:\share\mygamelogic\proj.win32\debug.win32\u2proxy.obj
d:\share\mygamelogic\proj.win32\debug.win32\cgcommands.obj
d:\share\mygamelogic\proj.win32\debug.win32\cgmediators.obj
d:\share\mygamelogic\proj.win32\debug.win32\cgviewcomponents.obj
d:\share\mygamelogic\proj.win32\debug.win32\cgfacade.obj
d:\share\mygamelogic\proj.win32\debug.win32\cgprerequisites.obj
d:\share\mygamelogic\proj.win32\debug.win32\helloworldscene.obj
d:\share\mygamelogic\proj.win32\debug.win32\main.obj
d:\share\mygamelogic\proj.win32\debug.win32\u2scenetransmediator.obj
d:\share\mygamelogic\proj.win32\debug.win32\u2context.obj
d:\share\mygamelogic\proj.win32\debug.win32\u2transstep.obj
d:\share\mygamelogic\proj.win32\debug.win32\u2cocosmediator.obj
d:\share\mygamelogic\proj.win32\debug.win32\trans2command.obj
d:\share\mygamelogic\proj.win32\debug.win32\vc120.idb
d:\share\mygamelogic\proj.win32\debug.win32\game.lib
d:\share\mygamelogic\proj.win32\debug.win32\game.exp
d:\share\mygamelogic\proj.win32\debug.win32\game.ilk
d:\share\mygamelogic\proj.win32\debug.win32\game.exe
d:\share\mygamelogic\proj.win32\debug.win32\game.pdb
d:\share\mygamelogic\proj.win32\debug.win32\game.res
d:\share\mygamelogic\proj.win32\debug.win32\csb2csv.vcxprojresolveassemblyreference.cache
d:\share\mygamelogic\proj.win32\debug.win32\libcocos2d.exp
d:\share\mygamelogic\proj.win32\debug.win32\libcocos2d.pdb
d:\share\mygamelogic\proj.win32\debug.win32\game.tlog\cl.command.1.tlog
d:\share\mygamelogic\proj.win32\debug.win32\game.tlog\cl.read.1.tlog
d:\share\mygamelogic\proj.win32\debug.win32\game.tlog\cl.write.1.tlog
d:\share\mygamelogic\proj.win32\debug.win32\game.tlog\game.write.1u.tlog
d:\share\mygamelogic\proj.win32\debug.win32\game.tlog\link.command.1.tlog
d:\share\mygamelogic\proj.win32\debug.win32\game.tlog\link.read.1.tlog
d:\share\mygamelogic\proj.win32\debug.win32\game.tlog\link.write.1.tlog
d:\share\mygamelogic\proj.win32\debug.win32\game.tlog\rc.command.1.tlog
d:\share\mygamelogic\proj.win32\debug.win32\game.tlog\rc.read.1.tlog
d:\share\mygamelogic\proj.win32\debug.win32\game.tlog\rc.write.1.tlog
